SF:lib\services\restaurant_services.dart
DA:4,1
DA:6,1
DA:8,1
DA:9,2
DA:10,2
DA:11,0
DA:13,2
DA:14,1
DA:17,4
DA:19,1
DA:25,0
DA:27,0
DA:29,0
DA:30,0
DA:31,0
DA:32,0
DA:35,0
DA:36,0
DA:37,0
DA:43,0
DA:45,0
DA:47,0
DA:48,0
DA:49,0
DA:50,0
DA:53,0
DA:54,0
DA:55,0
DA:56,0
DA:58,0
DA:64,1
DA:66,1
DA:68,2
DA:69,2
DA:70,2
DA:73,1
DA:76,0
DA:79,0
DA:81,0
DA:87,0
DA:88,0
DA:90,0
DA:97,0
DA:98,0
DA:101,0
DA:102,0
DA:103,0
DA:104,0
DA:106,0
LF:49
LH:15
end_of_record
SF:lib\models\categories.dart
DA:6,0
DA:10,0
DA:11,0
DA:12,0
LF:4
LH:0
end_of_record
SF:lib\models\api_response.dart
DA:7,1
LF:1
LH:1
end_of_record
SF:lib\models\food.dart
DA:6,0
DA:10,0
DA:11,0
DA:12,0
LF:4
LH:0
end_of_record
SF:lib\models\restaurant.dart
DA:14,1
DA:26,1
DA:27,1
DA:28,0
DA:29,1
DA:30,1
DA:31,0
DA:32,1
DA:33,1
DA:34,1
DA:35,1
DA:36,1
DA:37,1
DA:38,1
DA:39,2
DA:40,1
DA:41,1
DA:42,0
DA:44,1
DA:45,0
DA:50,0
DA:51,0
DA:52,0
DA:53,0
DA:54,0
DA:55,0
DA:56,0
LF:27
LH:16
end_of_record
SF:lib\models\drink.dart
DA:6,0
DA:10,0
DA:11,0
DA:12,0
LF:4
LH:0
end_of_record
SF:lib\models\customer_review.dart
DA:8,0
DA:14,0
DA:15,0
DA:16,0
DA:17,0
DA:18,0
LF:6
LH:0
end_of_record
SF:lib\models\menu.dart
DA:7,0
DA:12,0
DA:13,0
DA:15,0
DA:16,0
DA:18,0
DA:20,0
DA:21,0
DA:23,0
LF:9
LH:0
end_of_record
